<?xml version="1.0" encoding="UTF-8"?>
<testng-results skipped="0" failed="0" ignored="18" total="28" passed="10">
  <reporter-output>
  </reporter-output>
  <suite name="Suite" duration-ms="103344" started-at="2022-01-12T18:13:33 GST" finished-at="2022-01-12T18:15:17 GST">
    <groups>
    </groups>
    <test name="Test" duration-ms="103344" started-at="2022-01-12T18:13:33 GST" finished-at="2022-01-12T18:15:17 GST">
      <class name="com.jungle.qa.testCases.TC_06_Validate_Presence_Of_Categories_In_Browse_By_Category_Section">
        <test-method status="PASS" signature="setUpClass()[pri:0, instance:com.jungle.qa.testCases.TC_06_Validate_Presence_Of_Categories_In_Browse_By_Category_Section@12d3247]" name="setUpClass" is-config="true" duration-ms="2823" started-at="2022-01-12T18:14:16 GST" finished-at="2022-01-12T18:14:19 GST">
          <reporter-output>
          </reporter-output>
        </test-method> <!-- setUpClass -->
        <test-method status="PASS" signature="validatePresenceOfBrowseByCategorySection()[pri:0, instance:com.jungle.qa.testCases.TC_06_Validate_Presence_Of_Categories_In_Browse_By_Category_Section@12d3247]" name="validatePresenceOfBrowseByCategorySection" duration-ms="5258" started-at="2022-01-12T18:14:19 GST" finished-at="2022-01-12T18:14:24 GST">
          <reporter-output>
          </reporter-output>
        </test-method> <!-- validatePresenceOfBrowseByCategorySection -->
        <test-method status="PASS" signature="tearDownClass()[pri:0, instance:com.jungle.qa.testCases.TC_06_Validate_Presence_Of_Categories_In_Browse_By_Category_Section@12d3247]" name="tearDownClass" is-config="true" duration-ms="2641" started-at="2022-01-12T18:14:24 GST" finished-at="2022-01-12T18:14:27 GST">
          <reporter-output>
          </reporter-output>
        </test-method> <!-- tearDownClass -->
      </class> <!-- com.jungle.qa.testCases.TC_06_Validate_Presence_Of_Categories_In_Browse_By_Category_Section -->
      <class name="com.jungle.qa.testCases.TC_03_Validate_FAQ_Answer_Is_Expanded_And_Collapsed">
        <test-method status="PASS" signature="setUpClass()[pri:0, instance:com.jungle.qa.testCases.TC_03_Validate_FAQ_Answer_Is_Expanded_And_Collapsed@eca56e]" name="setUpClass" is-config="true" duration-ms="3309" started-at="2022-01-12T18:13:43 GST" finished-at="2022-01-12T18:13:46 GST">
          <reporter-output>
          </reporter-output>
        </test-method> <!-- setUpClass -->
        <test-method status="PASS" signature="validateFAQAnswerIsExpandedAndCollapsed()[pri:0, instance:com.jungle.qa.testCases.TC_03_Validate_FAQ_Answer_Is_Expanded_And_Collapsed@eca56e]" name="validateFAQAnswerIsExpandedAndCollapsed" duration-ms="1027" started-at="2022-01-12T18:13:46 GST" finished-at="2022-01-12T18:13:47 GST">
          <reporter-output>
          </reporter-output>
        </test-method> <!-- validateFAQAnswerIsExpandedAndCollapsed -->
        <test-method status="PASS" signature="tearDownClass()[pri:0, instance:com.jungle.qa.testCases.TC_03_Validate_FAQ_Answer_Is_Expanded_And_Collapsed@eca56e]" name="tearDownClass" is-config="true" duration-ms="2671" started-at="2022-01-12T18:13:47 GST" finished-at="2022-01-12T18:13:50 GST">
          <reporter-output>
          </reporter-output>
        </test-method> <!-- tearDownClass -->
      </class> <!-- com.jungle.qa.testCases.TC_03_Validate_FAQ_Answer_Is_Expanded_And_Collapsed -->
      <class name="com.jungle.qa.testCases.TC_04_Validate_SignUp_Feature">
        <test-method status="PASS" signature="setUpClass()[pri:0, instance:com.jungle.qa.testCases.TC_04_Validate_SignUp_Feature@f759d7]" name="setUpClass" is-config="true" duration-ms="15980" started-at="2022-01-12T18:13:50 GST" finished-at="2022-01-12T18:14:06 GST">
          <reporter-output>
          </reporter-output>
        </test-method> <!-- setUpClass -->
        <test-method status="PASS" signature="validateSignUpFeature()[pri:0, instance:com.jungle.qa.testCases.TC_04_Validate_SignUp_Feature@f759d7]" name="validateSignUpFeature" duration-ms="2598" started-at="2022-01-12T18:14:06 GST" finished-at="2022-01-12T18:14:09 GST">
          <reporter-output>
          </reporter-output>
        </test-method> <!-- validateSignUpFeature -->
        <test-method status="PASS" signature="tearDownClass()[pri:0, instance:com.jungle.qa.testCases.TC_04_Validate_SignUp_Feature@f759d7]" name="tearDownClass" is-config="true" duration-ms="2637" started-at="2022-01-12T18:14:09 GST" finished-at="2022-01-12T18:14:11 GST">
          <reporter-output>
          </reporter-output>
        </test-method> <!-- tearDownClass -->
      </class> <!-- com.jungle.qa.testCases.TC_04_Validate_SignUp_Feature -->
      <class name="com.jungle.qa.testCases.TC_07_Validate_Presence_Of_Question_And_Answer_In_FAQs_Section">
        <test-method status="PASS" signature="setUpClass()[pri:0, instance:com.jungle.qa.testCases.TC_07_Validate_Presence_Of_Question_And_Answer_In_FAQs_Section@cd23d9]" name="setUpClass" is-config="true" duration-ms="15160" started-at="2022-01-12T18:14:27 GST" finished-at="2022-01-12T18:14:42 GST">
          <reporter-output>
          </reporter-output>
        </test-method> <!-- setUpClass -->
        <test-method status="PASS" signature="validatePresenceOfQustionAndAnswerInFAQSection()[pri:0, instance:com.jungle.qa.testCases.TC_07_Validate_Presence_Of_Question_And_Answer_In_FAQs_Section@cd23d9]" name="validatePresenceOfQustionAndAnswerInFAQSection" duration-ms="1112" started-at="2022-01-12T18:14:42 GST" finished-at="2022-01-12T18:14:43 GST">
          <reporter-output>
          </reporter-output>
        </test-method> <!-- validatePresenceOfQustionAndAnswerInFAQSection -->
        <test-method status="PASS" signature="tearDownClass()[pri:0, instance:com.jungle.qa.testCases.TC_07_Validate_Presence_Of_Question_And_Answer_In_FAQs_Section@cd23d9]" name="tearDownClass" is-config="true" duration-ms="2665" started-at="2022-01-12T18:14:43 GST" finished-at="2022-01-12T18:14:46 GST">
          <reporter-output>
          </reporter-output>
        </test-method> <!-- tearDownClass -->
      </class> <!-- com.jungle.qa.testCases.TC_07_Validate_Presence_Of_Question_And_Answer_In_FAQs_Section -->
      <class name="com.jungle.qa.testCases.TC_01_Validate_Banner_Headline">
        <test-method status="PASS" signature="setUpSuite()[pri:0, instance:com.jungle.qa.testCases.TC_01_Validate_Banner_Headline@87761d]" name="setUpSuite" is-config="true" duration-ms="96" started-at="2022-01-12T18:13:33 GST" finished-at="2022-01-12T18:13:33 GST">
          <reporter-output>
          </reporter-output>
        </test-method> <!-- setUpSuite -->
        <test-method status="PASS" signature="setUpClass()[pri:0, instance:com.jungle.qa.testCases.TC_01_Validate_Banner_Headline@87761d]" name="setUpClass" is-config="true" duration-ms="3651" started-at="2022-01-12T18:13:33 GST" finished-at="2022-01-12T18:13:37 GST">
          <reporter-output>
          </reporter-output>
        </test-method> <!-- setUpClass -->
        <test-method status="PASS" signature="validateBannerHeadline()[pri:0, instance:com.jungle.qa.testCases.TC_01_Validate_Banner_Headline@87761d]" name="validateBannerHeadline" duration-ms="913" started-at="2022-01-12T18:13:37 GST" finished-at="2022-01-12T18:13:38 GST">
          <reporter-output>
          </reporter-output>
        </test-method> <!-- validateBannerHeadline -->
        <test-method status="PASS" signature="tearDownClass()[pri:0, instance:com.jungle.qa.testCases.TC_01_Validate_Banner_Headline@87761d]" name="tearDownClass" is-config="true" duration-ms="766" started-at="2022-01-12T18:13:38 GST" finished-at="2022-01-12T18:13:39 GST">
          <reporter-output>
          </reporter-output>
        </test-method> <!-- tearDownClass -->
        <test-method status="PASS" signature="tearDownSuite()[pri:0, instance:com.jungle.qa.testCases.TC_01_Validate_Banner_Headline@87761d]" name="tearDownSuite" is-config="true" duration-ms="265" started-at="2022-01-12T18:15:17 GST" finished-at="2022-01-12T18:15:17 GST">
          <reporter-output>
          </reporter-output>
        </test-method> <!-- tearDownSuite -->
      </class> <!-- com.jungle.qa.testCases.TC_01_Validate_Banner_Headline -->
      <class name="com.jungle.qa.testCases.TC_10_Validate_Footer_Link_For_Facebook">
        <test-method status="PASS" signature="setUpClass()[pri:0, instance:com.jungle.qa.testCases.TC_10_Validate_Footer_Link_For_Facebook@f6106c]" name="setUpClass" is-config="true" duration-ms="2926" started-at="2022-01-12T18:15:06 GST" finished-at="2022-01-12T18:15:09 GST">
          <reporter-output>
          </reporter-output>
        </test-method> <!-- setUpClass -->
        <test-method status="PASS" signature="validateFooterLinkForFacebook()[pri:0, instance:com.jungle.qa.testCases.TC_10_Validate_Footer_Link_For_Facebook@f6106c]" name="validateFooterLinkForFacebook" duration-ms="4800" started-at="2022-01-12T18:15:09 GST" finished-at="2022-01-12T18:15:14 GST">
          <reporter-output>
          </reporter-output>
        </test-method> <!-- validateFooterLinkForFacebook -->
        <test-method status="PASS" signature="tearDownClass()[pri:0, instance:com.jungle.qa.testCases.TC_10_Validate_Footer_Link_For_Facebook@f6106c]" name="tearDownClass" is-config="true" duration-ms="2658" started-at="2022-01-12T18:15:14 GST" finished-at="2022-01-12T18:15:17 GST">
          <reporter-output>
          </reporter-output>
        </test-method> <!-- tearDownClass -->
      </class> <!-- com.jungle.qa.testCases.TC_10_Validate_Footer_Link_For_Facebook -->
      <class name="com.jungle.qa.testCases.TC_09_Validate_Footer_Link_For_LinkedIn">
        <test-method status="PASS" signature="setUpClass()[pri:0, instance:com.jungle.qa.testCases.TC_09_Validate_Footer_Link_For_LinkedIn@1723e30]" name="setUpClass" is-config="true" duration-ms="2843" started-at="2022-01-12T18:14:56 GST" finished-at="2022-01-12T18:14:59 GST">
          <reporter-output>
          </reporter-output>
        </test-method> <!-- setUpClass -->
        <test-method status="PASS" signature="validateFooterLinkForLinkedIn()[pri:0, instance:com.jungle.qa.testCases.TC_09_Validate_Footer_Link_For_LinkedIn@1723e30]" name="validateFooterLinkForLinkedIn" duration-ms="4685" started-at="2022-01-12T18:14:59 GST" finished-at="2022-01-12T18:15:04 GST">
          <reporter-output>
          </reporter-output>
        </test-method> <!-- validateFooterLinkForLinkedIn -->
        <test-method status="PASS" signature="tearDownClass()[pri:0, instance:com.jungle.qa.testCases.TC_09_Validate_Footer_Link_For_LinkedIn@1723e30]" name="tearDownClass" is-config="true" duration-ms="2657" started-at="2022-01-12T18:15:04 GST" finished-at="2022-01-12T18:15:06 GST">
          <reporter-output>
          </reporter-output>
        </test-method> <!-- tearDownClass -->
      </class> <!-- com.jungle.qa.testCases.TC_09_Validate_Footer_Link_For_LinkedIn -->
      <class name="com.jungle.qa.testCases.TC_08_Validate_Footer_Link_For_Twitter">
        <test-method status="PASS" signature="setUpClass()[pri:0, instance:com.jungle.qa.testCases.TC_08_Validate_Footer_Link_For_Twitter@1bd930a]" name="setUpClass" is-config="true" duration-ms="2889" started-at="2022-01-12T18:14:46 GST" finished-at="2022-01-12T18:14:49 GST">
          <reporter-output>
          </reporter-output>
        </test-method> <!-- setUpClass -->
        <test-method status="PASS" signature="validateFooterLinkForTwitter()[pri:0, instance:com.jungle.qa.testCases.TC_08_Validate_Footer_Link_For_Twitter@1bd930a]" name="validateFooterLinkForTwitter" duration-ms="4937" started-at="2022-01-12T18:14:49 GST" finished-at="2022-01-12T18:14:54 GST">
          <reporter-output>
          </reporter-output>
        </test-method> <!-- validateFooterLinkForTwitter -->
        <test-method status="PASS" signature="tearDownClass()[pri:0, instance:com.jungle.qa.testCases.TC_08_Validate_Footer_Link_For_Twitter@1bd930a]" name="tearDownClass" is-config="true" duration-ms="2692" started-at="2022-01-12T18:14:54 GST" finished-at="2022-01-12T18:14:56 GST">
          <reporter-output>
          </reporter-output>
        </test-method> <!-- tearDownClass -->
      </class> <!-- com.jungle.qa.testCases.TC_08_Validate_Footer_Link_For_Twitter -->
      <class name="com.jungle.qa.testCases.TC_02_Validate_Title_Of_HomePage">
        <test-method status="PASS" signature="setUpClass()[pri:0, instance:com.jungle.qa.testCases.TC_02_Validate_Title_Of_HomePage@17dd107]" name="setUpClass" is-config="true" duration-ms="2846" started-at="2022-01-12T18:13:39 GST" finished-at="2022-01-12T18:13:42 GST">
          <reporter-output>
          </reporter-output>
        </test-method> <!-- setUpClass -->
        <test-method status="PASS" signature="validateTitleOfHomePage()[pri:0, instance:com.jungle.qa.testCases.TC_02_Validate_Title_Of_HomePage@17dd107]" name="validateTitleOfHomePage" duration-ms="638" started-at="2022-01-12T18:13:42 GST" finished-at="2022-01-12T18:13:42 GST">
          <reporter-output>
          </reporter-output>
        </test-method> <!-- validateTitleOfHomePage -->
        <test-method status="PASS" signature="tearDownClass()[pri:0, instance:com.jungle.qa.testCases.TC_02_Validate_Title_Of_HomePage@17dd107]" name="tearDownClass" is-config="true" duration-ms="726" started-at="2022-01-12T18:13:42 GST" finished-at="2022-01-12T18:13:43 GST">
          <reporter-output>
          </reporter-output>
        </test-method> <!-- tearDownClass -->
      </class> <!-- com.jungle.qa.testCases.TC_02_Validate_Title_Of_HomePage -->
      <class name="com.jungle.qa.testCases.TC_05_Validate_Presence_Of_HowItWorks_Subsections">
        <test-method status="PASS" signature="setUpClass()[pri:0, instance:com.jungle.qa.testCases.TC_05_Validate_Presence_Of_HowItWorks_Subsections@bd213e]" name="setUpClass" is-config="true" duration-ms="3019" started-at="2022-01-12T18:14:11 GST" finished-at="2022-01-12T18:14:14 GST">
          <reporter-output>
          </reporter-output>
        </test-method> <!-- setUpClass -->
        <test-method status="PASS" signature="validatePresenceOfHowItWorksSubsections()[pri:0, instance:com.jungle.qa.testCases.TC_05_Validate_Presence_Of_HowItWorks_Subsections@bd213e]" name="validatePresenceOfHowItWorksSubsections" duration-ms="1036" started-at="2022-01-12T18:14:14 GST" finished-at="2022-01-12T18:14:15 GST">
          <reporter-output>
          </reporter-output>
        </test-method> <!-- validatePresenceOfHowItWorksSubsections -->
        <test-method status="PASS" signature="tearDownClass()[pri:0, instance:com.jungle.qa.testCases.TC_05_Validate_Presence_Of_HowItWorks_Subsections@bd213e]" name="tearDownClass" is-config="true" duration-ms="723" started-at="2022-01-12T18:14:15 GST" finished-at="2022-01-12T18:14:16 GST">
          <reporter-output>
          </reporter-output>
        </test-method> <!-- tearDownClass -->
      </class> <!-- com.jungle.qa.testCases.TC_05_Validate_Presence_Of_HowItWorks_Subsections -->
    </test> <!-- Test -->
  </suite> <!-- Suite -->
</testng-results>
