<?xml version="1.0" encoding="UTF-8"?>
<!-- Generated by org.testng.reporters.JUnitXMLReporter -->
<testsuite hostname="LVDXB86706" ignored="18" name="Test" tests="10" failures="0" timestamp="2022-01-12T18:15:17 GST" time="103.344" errors="0">
  <testcase name="validateBannerHeadline" time="0.913" classname="com.jungle.qa.testCases.TC_01_Validate_Banner_Headline"/>
  <testcase name="validateTitleOfHomePage" time="0.638" classname="com.jungle.qa.testCases.TC_02_Validate_Title_Of_HomePage"/>
  <testcase name="validateFAQAnswerIsExpandedAndCollapsed" time="1.027" classname="com.jungle.qa.testCases.TC_03_Validate_FAQ_Answer_Is_Expanded_And_Collapsed"/>
  <testcase name="validateSignUpFeature" time="2.598" classname="com.jungle.qa.testCases.TC_04_Validate_SignUp_Feature"/>
  <testcase name="validatePresenceOfHowItWorksSubsections" time="1.036" classname="com.jungle.qa.testCases.TC_05_Validate_Presence_Of_HowItWorks_Subsections"/>
  <testcase name="validatePresenceOfBrowseByCategorySection" time="5.258" classname="com.jungle.qa.testCases.TC_06_Validate_Presence_Of_Categories_In_Browse_By_Category_Section"/>
  <testcase name="validatePresenceOfQustionAndAnswerInFAQSection" time="1.112" classname="com.jungle.qa.testCases.TC_07_Validate_Presence_Of_Question_And_Answer_In_FAQs_Section"/>
  <testcase name="validateFooterLinkForTwitter" time="4.937" classname="com.jungle.qa.testCases.TC_08_Validate_Footer_Link_For_Twitter"/>
  <testcase name="validateFooterLinkForLinkedIn" time="4.685" classname="com.jungle.qa.testCases.TC_09_Validate_Footer_Link_For_LinkedIn"/>
  <testcase name="validateFooterLinkForFacebook" time="4.8" classname="com.jungle.qa.testCases.TC_10_Validate_Footer_Link_For_Facebook"/>
  <testcase name="@AfterSuite tearDownSuite" time="0.0" classname="com.jungle.qa.JungleWebApp.Base">
    <ignored/>
  </testcase> <!-- @AfterSuite tearDownSuite -->
  <testcase name="@AfterSuite tearDownSuite" time="0.0" classname="com.jungle.qa.JungleWebApp.Base">
    <ignored/>
  </testcase> <!-- @AfterSuite tearDownSuite -->
  <testcase name="@AfterSuite tearDownSuite" time="0.0" classname="com.jungle.qa.JungleWebApp.Base">
    <ignored/>
  </testcase> <!-- @AfterSuite tearDownSuite -->
  <testcase name="@AfterSuite tearDownSuite" time="0.0" classname="com.jungle.qa.JungleWebApp.Base">
    <ignored/>
  </testcase> <!-- @AfterSuite tearDownSuite -->
  <testcase name="@AfterSuite tearDownSuite" time="0.0" classname="com.jungle.qa.JungleWebApp.Base">
    <ignored/>
  </testcase> <!-- @AfterSuite tearDownSuite -->
  <testcase name="@AfterSuite tearDownSuite" time="0.0" classname="com.jungle.qa.JungleWebApp.Base">
    <ignored/>
  </testcase> <!-- @AfterSuite tearDownSuite -->
  <testcase name="@AfterSuite tearDownSuite" time="0.0" classname="com.jungle.qa.JungleWebApp.Base">
    <ignored/>
  </testcase> <!-- @AfterSuite tearDownSuite -->
  <testcase name="@AfterSuite tearDownSuite" time="0.0" classname="com.jungle.qa.JungleWebApp.Base">
    <ignored/>
  </testcase> <!-- @AfterSuite tearDownSuite -->
  <testcase name="@AfterSuite tearDownSuite" time="0.0" classname="com.jungle.qa.JungleWebApp.Base">
    <ignored/>
  </testcase> <!-- @AfterSuite tearDownSuite -->
  <testcase name="@BeforeSuite setUpSuite" time="0.0" classname="com.jungle.qa.JungleWebApp.Base">
    <ignored/>
  </testcase> <!-- @BeforeSuite setUpSuite -->
  <testcase name="@BeforeSuite setUpSuite" time="0.0" classname="com.jungle.qa.JungleWebApp.Base">
    <ignored/>
  </testcase> <!-- @BeforeSuite setUpSuite -->
  <testcase name="@BeforeSuite setUpSuite" time="0.0" classname="com.jungle.qa.JungleWebApp.Base">
    <ignored/>
  </testcase> <!-- @BeforeSuite setUpSuite -->
  <testcase name="@BeforeSuite setUpSuite" time="0.0" classname="com.jungle.qa.JungleWebApp.Base">
    <ignored/>
  </testcase> <!-- @BeforeSuite setUpSuite -->
  <testcase name="@BeforeSuite setUpSuite" time="0.0" classname="com.jungle.qa.JungleWebApp.Base">
    <ignored/>
  </testcase> <!-- @BeforeSuite setUpSuite -->
  <testcase name="@BeforeSuite setUpSuite" time="0.0" classname="com.jungle.qa.JungleWebApp.Base">
    <ignored/>
  </testcase> <!-- @BeforeSuite setUpSuite -->
  <testcase name="@BeforeSuite setUpSuite" time="0.0" classname="com.jungle.qa.JungleWebApp.Base">
    <ignored/>
  </testcase> <!-- @BeforeSuite setUpSuite -->
  <testcase name="@BeforeSuite setUpSuite" time="0.0" classname="com.jungle.qa.JungleWebApp.Base">
    <ignored/>
  </testcase> <!-- @BeforeSuite setUpSuite -->
  <testcase name="@BeforeSuite setUpSuite" time="0.0" classname="com.jungle.qa.JungleWebApp.Base">
    <ignored/>
  </testcase> <!-- @BeforeSuite setUpSuite -->
</testsuite> <!-- Test -->
